2017-10-24 07:15:16 INFO  Logging:49 - All users have been retrieved from the database.
2017-10-24 07:15:51 INFO  Logging:49 - UserDao: All users have been retrieved from the database.
2017-10-24 07:31:43 INFO  Logging:49 - Index Controller: null has logged in.
2017-10-24 07:33:34 INFO  Logging:49 - Index Controller: null has logged in.
2017-10-24 07:35:00 INFO  Logging:49 - Index Controller: null has logged in.
2017-10-24 07:35:00 INFO  Logging:49 - Index Controller: null has logged out.
2017-10-24 17:30:48 INFO  Logging:49 - Mock for User, hashCode: 2029193347 has been added to the database.
2017-10-24 17:30:48 INFO  Logging:49 - UserDao: All users have been retrieved from the database.
2017-10-24 17:32:05 INFO  Logging:49 - UserDao: All users have been retrieved from the database.
2017-10-24 17:32:05 INFO  Logging:49 - Mock for User, hashCode: 1524019070 has been added to the database.
2017-10-24 17:40:12 INFO  Logging:49 - null updated password
2017-10-24 17:40:12 INFO  Logging:49 - Index Controller: null has logged out.
2017-10-24 17:40:29 INFO  Logging:49 - null updated password
2017-10-24 17:40:29 INFO  Logging:49 - Index Controller: null has logged out.
2017-10-24 17:40:51 INFO  Logging:49 - null updated password
2017-10-24 17:40:51 INFO  Logging:49 - Index Controller: null has logged out.
2017-10-24 17:42:48 INFO  Logging:49 - null updated password
2017-10-24 17:42:48 INFO  Logging:49 - Index Controller: null has logged in.
2017-10-24 17:42:48 INFO  Logging:49 - Index Controller: null has logged out.
2017-10-24 17:44:45 INFO  Logging:49 - null updated password
2017-10-24 17:44:45 INFO  Logging:49 - Index Controller: null has logged in.
2017-10-24 17:44:45 INFO  Logging:49 - Index Controller: null has logged out.
2017-10-24 17:45:49 INFO  Logging:49 - null attempted to change password but the two new passwords were different, redirected to the UpdateInfo page
2017-10-24 17:45:49 INFO  Logging:49 - null updated password
2017-10-24 17:45:49 INFO  Logging:49 - Index Controller: null has logged in.
2017-10-24 17:45:49 INFO  Logging:49 - Index Controller: null has logged out.
2017-10-24 18:03:18 INFO  Logging:49 - Admin Controller: null added user null
2017-10-25 07:33:04 INFO  Logging:49 - Admin Controller: null added user null
2017-10-25 07:34:46 INFO  Logging:49 - Admin Controller: null added user null
2017-10-25 07:35:01 INFO  Logging:49 - Admin Controller: null added user null
2017-10-25 07:35:20 INFO  Logging:49 - Admin Controller: null added user null
2017-10-25 07:36:11 INFO  Logging:49 - Admin Controller: null added user null
2017-10-25 07:36:37 INFO  Logging:49 - Admin Controller: null added user null
2017-10-25 07:40:23 INFO  Logging:49 - Admin Controller: null added user null
2017-10-25 07:40:32 INFO  Logging:49 - Admin Controller: null added user null
2017-10-25 07:40:51 INFO  Logging:49 - Admin Controller: null added user null
2017-10-25 07:40:59 INFO  Logging:49 - Admin Controller: null added user null
2017-10-25 07:41:46 INFO  Logging:49 - Admin Controller: null added user null
2017-10-25 07:41:46 INFO  Logging:49 - user removed succesfullyusername
2017-10-25 07:44:07 INFO  Logging:49 - Admin Controller: null added user null
2017-10-25 07:44:07 INFO  Logging:49 - user removed succesfullyusername
2017-10-25 07:44:07 TRACE Logging:29 - Client request to url : Display All Users
2017-10-25 07:48:56 INFO  Logging:49 - Mock for User, hashCode: 27246814have been removed from the database
2017-10-25 07:48:56 INFO  Logging:49 - UserDao: All users have been retrieved from the database.
2017-10-25 07:48:56 INFO  Logging:49 - Mock for User, hashCode: 1345604737 has been added to the database.
2017-10-25 07:49:51 INFO  Logging:49 - Mock for User, hashCode: 523186087have been removed from the database
2017-10-25 07:49:51 INFO  Logging:49 - UserDao: All users have been retrieved from the database.
2017-10-25 07:49:51 INFO  Logging:49 - Mock for User, hashCode: 1740170392 has been added to the database.
2017-10-25 07:50:44 INFO  Logging:49 - Mock for User, hashCode: 1058719874have been removed from the database
2017-10-25 07:50:44 INFO  Logging:49 - UserDao: All users have been retrieved from the database.
2017-10-25 07:50:44 INFO  Logging:49 - Mock for User, hashCode: 1966686053 has been added to the database.
2017-10-25 17:28:51 TRACE Logging:29 - Client request to url : Display All Users
2017-10-25 17:28:51 INFO  Logging:49 - Admin Controller: null added user null
2017-10-25 17:28:51 INFO  Logging:49 - user removed succesfullyusername
2017-10-25 17:28:51 TRACE Logging:29 - Client request to url : Display All Users
2017-10-25 17:30:47 TRACE Logging:29 - Client request to url : Display All Users
2017-10-25 17:30:47 INFO  Logging:49 - Admin Controller: null added user null
2017-10-25 17:30:47 INFO  Logging:49 - user removed succesfullyusername
2017-10-25 17:30:47 TRACE Logging:29 - Client request to url : Display All Users
2017-10-25 17:31:12 TRACE Logging:29 - Client request to url : Display All Users
2017-10-25 17:31:12 INFO  Logging:49 - Admin Controller: null added user null
2017-10-25 17:31:12 INFO  Logging:49 - user removed succesfullyusername
2017-10-25 17:31:12 TRACE Logging:29 - Client request to url : Display All Users
2017-10-25 17:33:15 TRACE Logging:29 - Client request to url : Display All Users
2017-10-25 17:33:15 INFO  Logging:49 - Admin Controller: null added user null
2017-10-25 17:33:15 INFO  Logging:49 - user removed succesfullyusername
2017-10-25 17:33:15 TRACE Logging:29 - Client request to url : Display All Users
2017-10-25 17:34:37 TRACE Logging:29 - Client request to url : Display All Users
2017-10-25 17:34:37 INFO  Logging:49 - Admin Controller: null added user null
2017-10-25 17:34:37 INFO  Logging:49 - user removed succesfullyusername
2017-10-25 17:34:37 TRACE Logging:29 - Client request to url : Display All Users
2017-10-25 17:36:43 TRACE Logging:29 - Client request to url : Display All Users
2017-10-25 17:36:43 INFO  Logging:49 - Admin Controller: null added user null
2017-10-25 17:36:43 INFO  Logging:49 - user removed succesfullyusername
2017-10-25 17:36:43 TRACE Logging:29 - Client request to url : Display All Users
2017-10-25 17:37:19 TRACE Logging:29 - Client request to url : Display All Users
2017-10-25 17:37:19 INFO  Logging:49 - Admin Controller: null added user null
2017-10-25 17:37:19 INFO  Logging:49 - user removed succesfullyusername
2017-10-25 17:37:19 TRACE Logging:29 - Client request to url : Display All Users
2017-10-25 17:40:29 TRACE Logging:29 - Client request to url : Display All Flags
2017-10-25 17:40:29 TRACE Logging:29 - Client request to url : Display All Users
2017-10-25 17:40:29 INFO  Logging:49 - Admin Controller: null added user null
2017-10-25 17:40:29 INFO  Logging:49 - user removed succesfullyusername
2017-10-25 17:40:29 TRACE Logging:29 - Client request to url : Display All Users
2017-10-25 17:40:35 TRACE Logging:29 - Client request to url : Display All Flags
2017-10-25 17:40:35 TRACE Logging:29 - Client request to url : Display All Users
2017-10-25 17:40:35 INFO  Logging:49 - Admin Controller: null added user null
2017-10-25 17:40:35 INFO  Logging:49 - user removed succesfullyusername
2017-10-25 17:40:35 TRACE Logging:29 - Client request to url : Display All Users
2017-10-25 17:50:10 INFO  UserController:62 - nullgoing to profile
2017-10-25 17:51:59 INFO  UserController:62 - nullgoing to profile
2017-10-25 17:55:54 INFO  Logging:49 - User Controller: null submitted flag 0
2017-10-25 17:55:54 INFO  UserController:62 - nullgoing to profile
2017-10-25 17:58:02 INFO  Logging:49 - User Controller: null submitted flag 0
2017-10-25 17:58:02 INFO  UserController:62 - nullgoing to profile
2017-10-25 17:59:26 INFO  Logging:49 - User Controller: null submitted flag 0
2017-10-25 17:59:26 INFO  UserController:62 - nullgoing to profile
2017-10-25 18:02:11 INFO  Logging:49 - User Controller: null submitted flag 0
2017-10-25 18:02:11 INFO  UserController:62 - nullgoing to profile
2017-10-25 18:02:12 INFO  Logging:49 - User Controller: null submitted flag 0
2017-10-25 18:02:12 INFO  UserController:62 - nullgoing to profile
2017-10-25 18:03:31 INFO  Logging:49 - User Controller: null submitted flag 0
2017-10-25 18:03:31 INFO  UserController:62 - nullgoing to profile
2017-10-25 18:04:35 INFO  Logging:49 - User Controller: null submitted flag 0
2017-10-25 18:04:35 INFO  UserController:62 - nullgoing to profile
2017-10-25 18:06:13 TRACE Logging:29 - Client request to url : Display All Flags
2017-10-25 18:06:13 TRACE Logging:29 - Client request to url : Display All Users
2017-10-25 18:06:13 INFO  Logging:49 - Admin Controller: null added user null
2017-10-25 18:06:13 INFO  Logging:49 - user removed succesfullyusername
2017-10-25 18:06:13 TRACE Logging:29 - Client request to url : Display All Users
2017-10-26 10:26:51 TRACE Logging:29 - Client request to url : Display All Flags
2017-10-26 10:26:51 TRACE Logging:29 - Client request to url : Display All Users
2017-10-26 10:26:51 INFO  Logging:49 - Admin Controller: null added user null
2017-10-26 10:26:51 INFO  Logging:49 - user removed succesfullyusername
2017-10-26 10:26:51 TRACE Logging:29 - Client request to url : Display All Users
2017-10-26 10:28:56 TRACE Logging:29 - Client request to url : Display All Flags
2017-10-26 10:28:56 TRACE Logging:29 - Client request to url : Display All Users
2017-10-26 10:28:56 INFO  Logging:49 - Admin Controller: null added user null
2017-10-26 10:28:56 INFO  Logging:49 - user removed succesfullyusername
2017-10-26 10:28:56 TRACE Logging:29 - Client request to url : Display All Users
2017-10-26 10:30:15 TRACE Logging:29 - Client request to url : Display All Flags
2017-10-26 10:30:15 TRACE Logging:29 - Client request to url : Display All Users
2017-10-26 10:30:15 INFO  Logging:49 - Admin Controller: null added user null
2017-10-26 10:30:15 INFO  Logging:49 - user removed succesfullyusername
2017-10-26 10:30:15 TRACE Logging:29 - Client request to url : Display All Users
2017-10-26 10:33:11 TRACE Logging:29 - Client request to url : Display All Flags
2017-10-26 10:33:11 TRACE Logging:29 - Client request to url : Display All Users
2017-10-26 10:33:11 TRACE Logging:29 - Client request to url : Display All Users
2017-10-26 10:33:11 INFO  Logging:49 - Admin Controller: null added user null
2017-10-26 10:33:11 INFO  Logging:49 - user removed succesfullyusername
2017-10-26 10:33:11 TRACE Logging:29 - Client request to url : Display All Users
2017-10-26 10:35:16 TRACE Logging:29 - Client request to url : Display All Flags
2017-10-26 10:35:16 TRACE Logging:29 - Client request to url : Display All Users
2017-10-26 10:35:16 INFO  Logging:49 - Admin Controller: null added user null
2017-10-26 10:35:16 INFO  Logging:49 - user removed succesfullyusername
2017-10-26 10:35:16 TRACE Logging:29 - Client request to url : Display All Users
2017-10-26 10:35:30 TRACE Logging:29 - Client request to url : Display All Flags
2017-10-26 10:35:30 TRACE Logging:29 - Client request to url : Display All Users
2017-10-26 10:35:30 TRACE Logging:29 - Client request to url : Display All Users
2017-10-26 10:35:30 INFO  Logging:49 - Admin Controller: null added user null
2017-10-26 10:35:30 INFO  Logging:49 - user removed succesfullyusername
2017-10-26 10:35:30 TRACE Logging:29 - Client request to url : Display All Users
2017-10-26 10:36:11 TRACE Logging:29 - Client request to url : Display All Flags
2017-10-26 10:36:11 TRACE Logging:29 - Client request to url : Display All Users
2017-10-26 10:36:11 INFO  Logging:49 - Admin Controller: null added user null
2017-10-26 10:36:11 INFO  Logging:49 - user removed succesfullyusername
2017-10-26 10:36:11 TRACE Logging:29 - Client request to url : Display All Users
2017-10-26 10:37:57 TRACE Logging:29 - Client request to url : Display All Flags
2017-10-26 10:37:57 TRACE Logging:29 - Client request to url : Display All Users
2017-10-26 10:37:57 INFO  Logging:49 - Admin Controller: null added user null
2017-10-26 10:37:57 INFO  Logging:49 - user removed succesfullyusername
2017-10-26 10:37:57 TRACE Logging:29 - Client request to url : Display All Users
2017-10-26 10:38:34 TRACE Logging:29 - Client request to url : Display All Flags
2017-10-26 10:38:34 TRACE Logging:29 - Client request to url : Display All Users
2017-10-26 10:38:34 TRACE Logging:29 - Client request to url : Display All Users
2017-10-26 10:38:34 INFO  Logging:49 - Admin Controller: null added user null
2017-10-26 10:38:34 INFO  Logging:49 - user removed succesfullyusername
2017-10-26 10:38:34 TRACE Logging:29 - Client request to url : Display All Users
2017-10-26 10:39:40 TRACE Logging:29 - Client request to url : Display All Flags
2017-10-26 10:39:40 TRACE Logging:29 - Client request to url : Display All Users
2017-10-26 10:39:40 TRACE Logging:29 - Client request to url : Display All Users
2017-10-26 10:39:40 INFO  Logging:49 - Admin Controller: null added user null
2017-10-26 10:39:40 INFO  Logging:49 - user removed succesfullyusername
2017-10-26 10:39:40 TRACE Logging:29 - Client request to url : Display All Users
2017-10-26 10:51:12 TRACE Logging:29 - Client request to url : Display All Flags
2017-10-26 10:51:12 TRACE Logging:29 - Client request to url : Display All Users
2017-10-26 10:51:12 TRACE Logging:29 - Client request to url : Display All Users
2017-10-26 10:51:12 INFO  Logging:49 - Admin Controller: null added user null
2017-10-26 10:51:12 INFO  Logging:49 - user removed succesfullyusername
2017-10-26 10:51:12 TRACE Logging:29 - Client request to url : Display All Users
2017-10-26 10:51:33 TRACE Logging:29 - Client request to url : Display All Flags
2017-10-26 10:51:33 TRACE Logging:29 - Client request to url : Display All Users
2017-10-26 10:51:33 TRACE Logging:29 - Client request to url : Display All Users
2017-10-26 10:51:33 INFO  Logging:49 - Admin Controller: null added user null
2017-10-26 10:51:33 INFO  Logging:49 - user removed succesfullyusername
2017-10-26 10:51:33 TRACE Logging:29 - Client request to url : Display All Users
2017-10-26 10:52:00 TRACE Logging:29 - Client request to url : Display All Flags
2017-10-26 10:52:00 TRACE Logging:29 - Client request to url : Display All Users
2017-10-26 10:52:00 TRACE Logging:29 - Client request to url : Display All Users
2017-10-26 10:52:00 INFO  Logging:49 - Admin Controller: null added user null
2017-10-26 10:52:00 INFO  Logging:49 - user removed succesfullyusername
2017-10-26 10:52:00 TRACE Logging:29 - Client request to url : Display All Users
2017-10-26 10:53:16 TRACE Logging:29 - Client request to url : Display All Flags
2017-10-26 10:53:16 TRACE Logging:29 - Client request to url : Display All Users
2017-10-26 10:53:16 TRACE Logging:29 - Client request to url : Display All Users
2017-10-26 10:53:16 INFO  Logging:49 - Admin Controller: null added user null
2017-10-26 10:53:16 INFO  Logging:49 - user removed succesfullyusername
2017-10-26 10:53:16 TRACE Logging:29 - Client request to url : Display All Users
2017-10-26 10:54:30 TRACE Logging:29 - Client request to url : Display All Flags
2017-10-26 10:54:30 TRACE Logging:29 - Client request to url : Display All Users
2017-10-26 10:54:30 TRACE Logging:29 - Client request to url : Display All Users
2017-10-26 10:54:30 INFO  Logging:49 - Admin Controller: null added user null
2017-10-26 10:54:30 INFO  Logging:49 - user removed succesfullyusername
2017-10-26 10:54:30 TRACE Logging:29 - Client request to url : Display All Users
2017-10-26 10:55:06 TRACE Logging:29 - Client request to url : Display All Flags
2017-10-26 10:55:06 TRACE Logging:29 - Client request to url : Display All Users
2017-10-26 10:55:06 TRACE Logging:29 - Client request to url : Display All Users
2017-10-26 10:55:06 INFO  Logging:49 - Admin Controller: null added user null
2017-10-26 10:55:06 INFO  Logging:49 - user removed succesfullyusername
2017-10-26 10:55:06 TRACE Logging:29 - Client request to url : Display All Users
2017-10-26 10:57:24 TRACE Logging:29 - Client request to url : Display All Flags
2017-10-26 10:57:24 TRACE Logging:29 - Client request to url : Display All Users
2017-10-26 10:57:24 TRACE Logging:29 - Client request to url : Display All Users
2017-10-26 10:57:24 INFO  Logging:49 - Admin Controller: null added user null
2017-10-26 10:57:24 INFO  Logging:49 - user removed succesfullyusername
2017-10-26 10:57:24 TRACE Logging:29 - Client request to url : Display All Users
2017-10-26 10:57:35 TRACE Logging:29 - Client request to url : Display All Flags
2017-10-26 10:57:35 TRACE Logging:29 - Client request to url : Display All Users
2017-10-26 10:57:35 TRACE Logging:29 - Client request to url : Display All Users
2017-10-26 10:57:35 INFO  Logging:49 - Admin Controller: null added user null
2017-10-26 10:57:35 INFO  Logging:49 - user removed succesfullyusername
2017-10-26 10:57:35 TRACE Logging:29 - Client request to url : Display All Users
2017-10-26 10:57:43 TRACE Logging:29 - Client request to url : Display All Flags
2017-10-26 10:57:43 TRACE Logging:29 - Client request to url : Display All Users
2017-10-26 10:57:43 TRACE Logging:29 - Client request to url : Display All Users
2017-10-26 10:57:43 INFO  Logging:49 - Admin Controller: null added user null
2017-10-26 10:57:43 INFO  Logging:49 - user removed succesfullyusername
2017-10-26 10:57:43 TRACE Logging:29 - Client request to url : Display All Users
2017-10-26 10:59:36 TRACE Logging:29 - Client request to url : Display All Flags
2017-10-26 10:59:36 TRACE Logging:29 - Client request to url : Display All Users
2017-10-26 10:59:36 TRACE Logging:29 - Client request to url : Display All Users
2017-10-26 10:59:36 INFO  Logging:49 - Admin Controller: null added user null
2017-10-26 10:59:36 INFO  Logging:49 - user removed succesfullyusername
2017-10-26 10:59:36 TRACE Logging:29 - Client request to url : Display All Users
2017-10-26 11:00:43 TRACE Logging:29 - Client request to url : Display All Flags
2017-10-26 11:00:43 TRACE Logging:29 - Client request to url : Display All Users
2017-10-26 11:00:43 TRACE Logging:29 - Client request to url : Display All Users
2017-10-26 11:00:43 INFO  Logging:49 - Admin Controller: null added user null
2017-10-26 11:00:43 INFO  Logging:49 - user removed succesfullyusername
2017-10-26 11:00:43 TRACE Logging:29 - Client request to url : Display All Users
2017-10-26 11:00:56 TRACE Logging:29 - Client request to url : Display All Flags
2017-10-26 11:00:56 TRACE Logging:29 - Client request to url : Display All Users
2017-10-26 11:00:56 TRACE Logging:29 - Client request to url : Display All Users
2017-10-26 11:00:56 INFO  Logging:49 - Admin Controller: null added user null
2017-10-26 11:00:56 INFO  Logging:49 - user removed succesfullyusername
2017-10-26 11:00:56 TRACE Logging:29 - Client request to url : Display All Users
2017-10-26 11:17:32 INFO  Logging:49 - Mock for User, hashCode: 1625077043have been removed from the database
2017-10-26 11:17:32 INFO  Logging:49 - UserDao: All users have been retrieved from the database.
2017-10-26 11:17:32 INFO  Logging:49 - Mock for User, hashCode: 2031741829 has been added to the database.
2017-10-26 11:17:32 INFO  Logging:49 - User Controller: null submitted flag 0
2017-10-26 11:17:32 INFO  UserController:73 - nullgoing to profile
2017-10-26 11:17:33 TRACE Logging:29 - Client request to url : Display All Flags
2017-10-26 11:17:33 TRACE Logging:29 - Client request to url : Display All Users
2017-10-26 11:17:33 TRACE Logging:29 - Client request to url : Display All Users
2017-10-26 11:17:33 INFO  Logging:49 - Admin Controller: null added user null
2017-10-26 11:17:33 INFO  Logging:49 - user removed succesfullyusername
2017-10-26 11:17:33 TRACE Logging:29 - Client request to url : Display All Users
2017-10-26 11:17:33 INFO  Logging:49 - null attempted to change password but the two new passwords were different, redirected to the UpdateInfo page
2017-10-26 11:17:33 INFO  Logging:49 - null updated password
2017-10-26 11:17:33 INFO  Logging:49 - Index Controller: null has logged in.
2017-10-26 11:17:33 INFO  Logging:49 - Index Controller: null has logged out.
2017-10-26 11:17:33 INFO  Logging:49 - PostDao: All posts have been retrieved from the database.
2017-10-26 11:17:33 INFO  Logging:49 - Post has been added0
2017-10-26 11:20:00 INFO  Logging:49 - User Controller: null submitted flag 0
2017-10-26 11:20:00 INFO  UserController:73 - nullgoing to profile
2017-10-26 11:23:01 INFO  Logging:49 - User Controller: null submitted flag 0
2017-10-26 11:23:01 INFO  UserController:73 - nullgoing to profile
2017-10-26 11:23:35 INFO  Logging:49 - User Controller: null submitted flag 0
2017-10-26 11:23:35 INFO  UserController:73 - nullgoing to profile
2017-10-26 11:23:44 INFO  Logging:49 - Mock for User, hashCode: 2080235883have been removed from the database
2017-10-26 11:23:44 INFO  Logging:49 - UserDao: All users have been retrieved from the database.
2017-10-26 11:23:44 INFO  Logging:49 - Mock for User, hashCode: 2002784619 has been added to the database.
2017-10-26 11:23:44 INFO  Logging:49 - User Controller: null submitted flag 0
2017-10-26 11:23:44 INFO  UserController:73 - nullgoing to profile
2017-10-26 11:23:45 TRACE Logging:29 - Client request to url : Display All Flags
2017-10-26 11:23:45 TRACE Logging:29 - Client request to url : Display All Users
2017-10-26 11:23:45 TRACE Logging:29 - Client request to url : Display All Users
2017-10-26 11:23:45 INFO  Logging:49 - Admin Controller: null added user null
2017-10-26 11:23:45 INFO  Logging:49 - user removed succesfullyusername
2017-10-26 11:23:45 TRACE Logging:29 - Client request to url : Display All Users
2017-10-26 11:23:45 INFO  Logging:49 - null attempted to change password but the two new passwords were different, redirected to the UpdateInfo page
2017-10-26 11:23:45 INFO  Logging:49 - null updated password
2017-10-26 11:23:45 INFO  Logging:49 - Index Controller: null has logged in.
2017-10-26 11:23:45 INFO  Logging:49 - Index Controller: null has logged out.
2017-10-26 11:23:45 INFO  Logging:49 - PostDao: All posts have been retrieved from the database.
2017-10-26 11:23:45 INFO  Logging:49 - Post has been added0
2017-10-26 11:27:54 INFO  Logging:49 - PostDao: All posts have been retrieved from the database.
2017-10-26 11:27:54 INFO  Logging:49 - Post has been added0
2017-10-26 11:28:13 INFO  Logging:49 - PostDao: All posts have been retrieved from the database.
2017-10-26 11:28:13 INFO  Logging:49 - Post has been added0
2017-10-26 11:28:34 INFO  Logging:49 - PostDao: All posts have been retrieved from the database.
2017-10-26 11:28:34 INFO  Logging:49 - Mock for Post, hashCode: 746553635have been removed from the database
2017-10-26 11:28:34 INFO  Logging:49 - Post has been added0
2017-10-26 11:28:49 INFO  Logging:49 - PostDao: All posts have been retrieved from the database.
2017-10-26 11:28:49 INFO  Logging:49 - Mock for Post, hashCode: 1501011451have been removed from the database
2017-10-26 11:28:49 INFO  Logging:49 - Post has been added0
2017-10-26 11:30:12 INFO  Logging:49 - PostDao: All posts have been retrieved from the database.
2017-10-26 11:30:12 INFO  Logging:49 - Mock for Post, hashCode: 42430058have been removed from the database
2017-10-26 11:30:12 INFO  Logging:49 - Post has been added0
2017-10-26 11:30:31 INFO  Logging:49 - Mock for User, hashCode: 2080235883have been removed from the database
2017-10-26 11:30:31 INFO  Logging:49 - UserDao: All users have been retrieved from the database.
2017-10-26 11:30:31 INFO  Logging:49 - Mock for User, hashCode: 294891864 has been added to the database.
2017-10-26 11:30:32 INFO  Logging:49 - User Controller: null submitted flag 0
2017-10-26 11:30:32 INFO  UserController:73 - nullgoing to profile
2017-10-26 11:30:32 TRACE Logging:29 - Client request to url : Display All Flags
2017-10-26 11:30:32 TRACE Logging:29 - Client request to url : Display All Users
2017-10-26 11:30:32 TRACE Logging:29 - Client request to url : Display All Users
2017-10-26 11:30:32 INFO  Logging:49 - Admin Controller: null added user null
2017-10-26 11:30:32 INFO  Logging:49 - user removed succesfullyusername
2017-10-26 11:30:32 TRACE Logging:29 - Client request to url : Display All Users
2017-10-26 11:30:32 INFO  Logging:49 - null attempted to change password but the two new passwords were different, redirected to the UpdateInfo page
2017-10-26 11:30:32 INFO  Logging:49 - null updated password
2017-10-26 11:30:32 INFO  Logging:49 - Index Controller: null has logged in.
2017-10-26 11:30:32 INFO  Logging:49 - Index Controller: null has logged out.
2017-10-26 11:30:32 INFO  Logging:49 - PostDao: All posts have been retrieved from the database.
2017-10-26 11:30:32 INFO  Logging:49 - Mock for Post, hashCode: 1731461406have been removed from the database
2017-10-26 11:30:32 INFO  Logging:49 - Post has been added0
2017-10-26 11:44:44 INFO  Logging:49 - Mock for User, hashCode: 1319094583have been removed from the database
2017-10-26 11:44:44 INFO  Logging:49 - UserDao: All users have been retrieved from the database.
2017-10-26 11:44:44 INFO  Logging:49 - Mock for User, hashCode: 699347471 has been added to the database.
2017-10-26 11:44:45 INFO  Logging:49 - User Controller: null submitted flag 0
2017-10-26 11:44:45 INFO  UserController:73 - nullgoing to profile
2017-10-26 11:44:45 TRACE Logging:29 - Client request to url : Display All Flags
2017-10-26 11:44:45 TRACE Logging:29 - Client request to url : Display All Users
2017-10-26 11:44:45 TRACE Logging:29 - Client request to url : Display All Users
2017-10-26 11:44:45 INFO  Logging:49 - Admin Controller: null added user null
2017-10-26 11:44:45 INFO  Logging:49 - user removed succesfullyusername
2017-10-26 11:44:45 TRACE Logging:29 - Client request to url : Display All Users
2017-10-26 11:44:45 INFO  Logging:49 - null attempted to change password but the two new passwords were different, redirected to the UpdateInfo page
2017-10-26 11:44:45 INFO  Logging:49 - null updated password
2017-10-26 11:44:45 INFO  Logging:49 - Index Controller: null has logged in.
2017-10-26 11:44:45 INFO  Logging:49 - Index Controller: null has logged out.
2017-10-26 11:44:45 INFO  Logging:49 - PostDao: All posts have been retrieved from the database.
2017-10-26 11:44:45 INFO  Logging:49 - Mock for Post, hashCode: 327730589have been removed from the database
2017-10-26 11:44:45 INFO  Logging:49 - Post has been added0
2017-10-26 11:48:48 INFO  Logging:49 - Education has been added0
2017-10-26 11:49:37 INFO  Logging:49 - Education has been added0
2017-10-26 11:49:37 INFO  Logging:49 - Mock for User, hashCode: 1628176139have been removed from the database
2017-10-26 11:49:37 INFO  Logging:49 - UserDao: All users have been retrieved from the database.
2017-10-26 11:49:37 INFO  Logging:49 - Mock for User, hashCode: 1519738099 has been added to the database.
2017-10-26 11:49:38 INFO  Logging:49 - User Controller: null submitted flag 0
2017-10-26 11:49:38 INFO  UserController:73 - nullgoing to profile
2017-10-26 11:49:38 TRACE Logging:29 - Client request to url : Display All Flags
2017-10-26 11:49:38 TRACE Logging:29 - Client request to url : Display All Users
2017-10-26 11:49:38 TRACE Logging:29 - Client request to url : Display All Users
2017-10-26 11:49:38 INFO  Logging:49 - Admin Controller: null added user null
2017-10-26 11:49:38 INFO  Logging:49 - user removed succesfullyusername
2017-10-26 11:49:38 TRACE Logging:29 - Client request to url : Display All Users
2017-10-26 11:49:38 INFO  Logging:49 - null attempted to change password but the two new passwords were different, redirected to the UpdateInfo page
2017-10-26 11:49:38 INFO  Logging:49 - null updated password
2017-10-26 11:49:38 INFO  Logging:49 - Index Controller: null has logged in.
2017-10-26 11:49:38 INFO  Logging:49 - Index Controller: null has logged out.
2017-10-26 11:49:38 INFO  Logging:49 - PostDao: All posts have been retrieved from the database.
2017-10-26 11:49:38 INFO  Logging:49 - Mock for Post, hashCode: 1189864634have been removed from the database
2017-10-26 11:49:38 INFO  Logging:49 - Post has been added0
2017-10-26 11:52:32 INFO  Logging:49 - Education has been added0
2017-10-26 11:52:55 INFO  Logging:49 - Education has been added0
2017-10-26 11:52:55 INFO  Logging:49 - Mock for User, hashCode: 1773645803have been removed from the database
2017-10-26 11:52:55 INFO  Logging:49 - UserDao: All users have been retrieved from the database.
2017-10-26 11:52:55 INFO  Logging:49 - Mock for User, hashCode: 444507014 has been added to the database.
2017-10-26 11:52:56 INFO  Logging:49 - User Controller: null submitted flag 0
2017-10-26 11:52:56 INFO  UserController:73 - nullgoing to profile
2017-10-26 11:52:56 TRACE Logging:29 - Client request to url : Display All Flags
2017-10-26 11:52:56 TRACE Logging:29 - Client request to url : Display All Users
2017-10-26 11:52:56 TRACE Logging:29 - Client request to url : Display All Users
2017-10-26 11:52:56 INFO  Logging:49 - Admin Controller: null added user null
2017-10-26 11:52:56 INFO  Logging:49 - user removed succesfullyusername
2017-10-26 11:52:56 TRACE Logging:29 - Client request to url : Display All Users
2017-10-26 11:52:56 INFO  Logging:49 - Education has been added0
2017-10-26 11:52:56 INFO  Logging:49 - null attempted to change password but the two new passwords were different, redirected to the UpdateInfo page
2017-10-26 11:52:56 INFO  Logging:49 - null updated password
2017-10-26 11:52:56 INFO  Logging:49 - Index Controller: null has logged in.
2017-10-26 11:52:56 INFO  Logging:49 - Index Controller: null has logged out.
2017-10-26 11:52:56 INFO  Logging:49 - PostDao: All posts have been retrieved from the database.
2017-10-26 11:52:56 INFO  Logging:49 - Mock for Post, hashCode: 1872682953have been removed from the database
2017-10-26 11:52:56 INFO  Logging:49 - Post has been added0
2017-10-26 11:55:04 INFO  Logging:49 - User Controller: null submitted flag 0
2017-10-26 11:55:04 INFO  UserController:74 - nullgoing to profile
2017-10-26 11:56:11 INFO  Logging:49 - User Controller: null submitted flag 0
2017-10-26 11:56:11 INFO  UserController:74 - nullgoing to profile
2017-10-26 11:56:27 INFO  Logging:49 - Education has been added0
2017-10-26 11:56:27 INFO  Logging:49 - Mock for User, hashCode: 1426174202have been removed from the database
2017-10-26 11:56:27 INFO  Logging:49 - UserDao: All users have been retrieved from the database.
2017-10-26 11:56:27 INFO  Logging:49 - Mock for User, hashCode: 1644828847 has been added to the database.
2017-10-26 11:56:28 INFO  Logging:49 - User Controller: null submitted flag 0
2017-10-26 11:56:28 INFO  UserController:74 - nullgoing to profile
2017-10-26 11:56:28 TRACE Logging:29 - Client request to url : Display All Flags
2017-10-26 11:56:28 TRACE Logging:29 - Client request to url : Display All Users
2017-10-26 11:56:28 TRACE Logging:29 - Client request to url : Display All Users
2017-10-26 11:56:28 INFO  Logging:49 - Admin Controller: null added user null
2017-10-26 11:56:28 INFO  Logging:49 - user removed succesfullyusername
2017-10-26 11:56:28 TRACE Logging:29 - Client request to url : Display All Users
2017-10-26 11:56:28 INFO  Logging:49 - Education has been added0
2017-10-26 11:56:28 INFO  Logging:49 - null attempted to change password but the two new passwords were different, redirected to the UpdateInfo page
2017-10-26 11:56:28 INFO  Logging:49 - null updated password
2017-10-26 11:56:28 INFO  Logging:49 - Index Controller: null has logged in.
2017-10-26 11:56:28 INFO  Logging:49 - Index Controller: null has logged out.
2017-10-26 11:56:28 INFO  Logging:49 - PostDao: All posts have been retrieved from the database.
2017-10-26 11:56:28 INFO  Logging:49 - Mock for Post, hashCode: 186048223have been removed from the database
2017-10-26 11:56:28 INFO  Logging:49 - Post has been added0
2017-10-26 12:02:50 INFO  UserController:194 - null updated password
2017-10-26 12:02:50 INFO  Logging:49 - User Controller: null submitted flag 0
2017-10-26 12:02:50 INFO  UserController:74 - nullgoing to profile
2017-10-26 12:03:57 INFO  UserController:194 - null updated password
2017-10-26 12:03:57 INFO  Logging:49 - User Controller: null submitted flag 0
2017-10-26 12:03:57 INFO  UserController:203 - null attempted to change password but the current password was wrong, redirected to the UpdateInfo page
2017-10-26 12:03:57 INFO  UserController:74 - nullgoing to profile
2017-10-26 12:04:41 INFO  UserController:194 - null updated password
2017-10-26 12:04:41 INFO  UserController:198 - null attempted to change password but the two new passwords were different, redirected to the UpdateInfo page
2017-10-26 12:04:41 INFO  Logging:49 - User Controller: null submitted flag 0
2017-10-26 12:04:41 INFO  UserController:203 - null attempted to change password but the current password was wrong, redirected to the UpdateInfo page
2017-10-26 12:04:41 INFO  UserController:74 - nullgoing to profile
2017-10-26 12:04:59 INFO  Logging:49 - Education has been added0
2017-10-26 12:04:59 INFO  Logging:49 - Mock for User, hashCode: 703975299have been removed from the database
2017-10-26 12:04:59 INFO  Logging:49 - UserDao: All users have been retrieved from the database.
2017-10-26 12:04:59 INFO  Logging:49 - Mock for User, hashCode: 1225438970 has been added to the database.
2017-10-26 12:04:59 INFO  UserController:194 - null updated password
2017-10-26 12:04:59 INFO  UserController:198 - null attempted to change password but the two new passwords were different, redirected to the UpdateInfo page
2017-10-26 12:04:59 INFO  Logging:49 - User Controller: null submitted flag 0
2017-10-26 12:04:59 INFO  UserController:203 - null attempted to change password but the current password was wrong, redirected to the UpdateInfo page
2017-10-26 12:04:59 INFO  UserController:74 - nullgoing to profile
2017-10-26 12:04:59 TRACE Logging:29 - Client request to url : Display All Flags
2017-10-26 12:04:59 TRACE Logging:29 - Client request to url : Display All Users
2017-10-26 12:04:59 TRACE Logging:29 - Client request to url : Display All Users
2017-10-26 12:04:59 INFO  Logging:49 - Admin Controller: null added user null
2017-10-26 12:04:59 INFO  Logging:49 - user removed succesfullyusername
2017-10-26 12:04:59 TRACE Logging:29 - Client request to url : Display All Users
2017-10-26 12:04:59 INFO  Logging:49 - Education has been added0
2017-10-26 12:04:59 INFO  Logging:49 - null attempted to change password but the two new passwords were different, redirected to the UpdateInfo page
2017-10-26 12:04:59 INFO  Logging:49 - null updated password
2017-10-26 12:04:59 INFO  Logging:49 - Index Controller: null has logged in.
2017-10-26 12:04:59 INFO  Logging:49 - Index Controller: null has logged out.
2017-10-26 12:04:59 INFO  Logging:49 - PostDao: All posts have been retrieved from the database.
2017-10-26 12:04:59 INFO  Logging:49 - Mock for Post, hashCode: 426000090have been removed from the database
2017-10-26 12:04:59 INFO  Logging:49 - Post has been added0
2017-10-26 12:08:26 INFO  Logging:49 - Mock for Profile, hashCode: 834207811 has been updated in the database.
2017-10-26 12:08:44 INFO  Logging:49 - Education has been added0
2017-10-26 12:08:44 INFO  Logging:49 - Mock for User, hashCode: 1434615677have been removed from the database
2017-10-26 12:08:44 INFO  Logging:49 - UserDao: All users have been retrieved from the database.
2017-10-26 12:08:44 INFO  Logging:49 - Mock for User, hashCode: 1786778470 has been added to the database.
2017-10-26 12:08:45 INFO  UserController:194 - null updated password
2017-10-26 12:08:45 INFO  UserController:198 - null attempted to change password but the two new passwords were different, redirected to the UpdateInfo page
2017-10-26 12:08:45 INFO  Logging:49 - User Controller: null submitted flag 0
2017-10-26 12:08:45 INFO  UserController:203 - null attempted to change password but the current password was wrong, redirected to the UpdateInfo page
2017-10-26 12:08:45 INFO  UserController:74 - nullgoing to profile
2017-10-26 12:08:45 TRACE Logging:29 - Client request to url : Display All Flags
2017-10-26 12:08:45 TRACE Logging:29 - Client request to url : Display All Users
2017-10-26 12:08:45 TRACE Logging:29 - Client request to url : Display All Users
2017-10-26 12:08:45 INFO  Logging:49 - Admin Controller: null added user null
2017-10-26 12:08:45 INFO  Logging:49 - user removed succesfullyusername
2017-10-26 12:08:45 TRACE Logging:29 - Client request to url : Display All Users
2017-10-26 12:08:45 INFO  Logging:49 - Education has been added0
2017-10-26 12:08:45 INFO  Logging:49 - Mock for Profile, hashCode: 54691500 has been updated in the database.
2017-10-26 12:08:45 INFO  Logging:49 - null attempted to change password but the two new passwords were different, redirected to the UpdateInfo page
2017-10-26 12:08:45 INFO  Logging:49 - null updated password
2017-10-26 12:08:45 INFO  Logging:49 - Index Controller: null has logged in.
2017-10-26 12:08:45 INFO  Logging:49 - Index Controller: null has logged out.
2017-10-26 12:08:45 INFO  Logging:49 - PostDao: All posts have been retrieved from the database.
2017-10-26 12:08:45 INFO  Logging:49 - Mock for Post, hashCode: 495529416have been removed from the database
2017-10-26 12:08:45 INFO  Logging:49 - Post has been added0
2017-10-26 12:10:08 INFO  Logging:49 - Education has been added0
2017-10-26 12:10:08 INFO  Logging:49 - Mock for User, hashCode: 2121909289have been removed from the database
2017-10-26 12:10:08 INFO  Logging:49 - UserDao: All users have been retrieved from the database.
2017-10-26 12:10:08 INFO  Logging:49 - Mock for User, hashCode: 1815978141 has been added to the database.
2017-10-26 12:10:08 INFO  Logging:49 - User Controller: null submitted flag 0
2017-10-26 12:10:08 INFO  UserController:74 - nullgoing to profile
2017-10-26 12:10:08 TRACE Logging:29 - Client request to url : Display All Flags
2017-10-26 12:10:08 TRACE Logging:29 - Client request to url : Display All Users
2017-10-26 12:10:08 TRACE Logging:29 - Client request to url : Display All Users
2017-10-26 12:10:09 INFO  Logging:49 - Admin Controller: null added user null
2017-10-26 12:10:09 INFO  Logging:49 - user removed succesfullyusername
2017-10-26 12:10:09 TRACE Logging:29 - Client request to url : Display All Users
2017-10-26 12:10:09 INFO  Logging:49 - Education has been added0
2017-10-26 12:10:09 INFO  Logging:49 - Mock for Profile, hashCode: 309699897 has been updated in the database.
2017-10-26 12:10:09 INFO  Logging:49 - null attempted to change password but the two new passwords were different, redirected to the UpdateInfo page
2017-10-26 12:10:09 INFO  Logging:49 - null updated password
2017-10-26 12:10:09 INFO  Logging:49 - Index Controller: null has logged in.
2017-10-26 12:10:09 INFO  Logging:49 - Index Controller: null has logged out.
2017-10-26 12:10:09 INFO  Logging:49 - PostDao: All posts have been retrieved from the database.
2017-10-26 12:10:09 INFO  Logging:49 - Mock for Post, hashCode: 954546071have been removed from the database
2017-10-26 12:10:09 INFO  Logging:49 - Post has been added0
2017-10-26 12:11:29 INFO  Logging:49 - Education has been added0
2017-10-26 12:11:29 INFO  Logging:49 - Mock for User, hashCode: 81443698have been removed from the database
2017-10-26 12:11:29 INFO  Logging:49 - UserDao: All users have been retrieved from the database.
2017-10-26 12:11:29 INFO  Logging:49 - Mock for User, hashCode: 877149147 has been added to the database.
2017-10-26 12:11:30 INFO  UserController:198 - null attempted to change password but the two new passwords were different, redirected to the UpdateInfo page
2017-10-26 12:11:30 INFO  UserController:194 - null updated password
2017-10-26 12:11:30 INFO  Logging:49 - User Controller: null submitted flag 0
2017-10-26 12:11:30 INFO  UserController:203 - null attempted to change password but the current password was wrong, redirected to the UpdateInfo page
2017-10-26 12:11:30 INFO  UserController:74 - nullgoing to profile
2017-10-26 12:11:30 TRACE Logging:29 - Client request to url : Display All Flags
2017-10-26 12:11:30 TRACE Logging:29 - Client request to url : Display All Users
2017-10-26 12:11:30 TRACE Logging:29 - Client request to url : Display All Users
2017-10-26 12:11:30 INFO  Logging:49 - Admin Controller: null added user null
2017-10-26 12:11:30 INFO  Logging:49 - user removed succesfullyusername
2017-10-26 12:11:30 TRACE Logging:29 - Client request to url : Display All Users
2017-10-26 12:11:30 INFO  Logging:49 - Education has been added0
2017-10-26 12:11:30 INFO  Logging:49 - Mock for Profile, hashCode: 77039584 has been updated in the database.
2017-10-26 12:11:30 INFO  Logging:49 - null attempted to change password but the two new passwords were different, redirected to the UpdateInfo page
2017-10-26 12:11:30 INFO  Logging:49 - null updated password
2017-10-26 12:11:30 INFO  Logging:49 - Index Controller: null has logged in.
2017-10-26 12:11:30 INFO  Logging:49 - Index Controller: null has logged out.
2017-10-26 12:11:30 INFO  Logging:49 - PostDao: All posts have been retrieved from the database.
2017-10-26 12:11:30 INFO  Logging:49 - Mock for Post, hashCode: 40341694have been removed from the database
2017-10-26 12:11:30 INFO  Logging:49 - Post has been added0
